
ROM used:   641/8192 (8%)
            641/8192 (8%) including unused fragments

            0.4 Average locations per line
            2.9 Average locations per statement

RAM used:   10/368 (3%) at main() level
            24/368 (7%) worst case

Stack used: 4 worst case (4 in main + 0 for interrupts)
Stack size: 8

Lines Stmts  %   Files
----- ----- ---  -----
   37    12   5  P6.c
  672     0   0  ..\..\..\..\..\..\..\..\..\..\Program Files (x86)\PICC\Devices\16F877A.h
  456    84  38  ..\..\..\..\..\..\..\..\..\..\Program Files (x86)\PICC\Drivers\lcd.c
  423   125  57  ..\..\..\..\..\..\..\..\..\..\Program Files (x86)\PICC\Drivers\string.h
   32     0   0  ..\..\..\..\..\..\..\..\..\..\Program Files (x86)\PICC\Drivers\stddef.h
   28     0   0  ..\..\..\..\..\..\..\..\..\..\Program Files (x86)\PICC\Drivers\ctype.h
----- -----
 1648   221 Total

Page ROM  %  RAM    Vol Diff  Functions:
---- --- --- ---    --- ----  ----------
0     21   3    1             @delay_ms1
 Inline         3    596  5.9  lcd_read_byte
0      6   1    0     59  4.2  lcd_read_nibble
0     12   2    1    179  3.3  lcd_send_nibble
0     64  10    3    460  4.7  lcd_send_byte
0     62  10    6    814  7.2  lcd_init
0     18   3    4    208  6.3  lcd_gotoxy
0     44   7    1    354  4.7  lcd_putc
0    117  18    3    284  3.0  MAIN
0     31   5    2             @ITOF
0    119  19   13             @MULFF
0     33   5    4             @SFTOI
0     21   3    3             @DIV88
0     89  14    6             @PRINTF_D_656
 Inline         0             @cinit1

Program metrics:
    Functions               8
    Statements              221
    Comments                370
    Volume (V)              4489
    Difficulty (D)          37.4
    Effort to implement (E) 167745
    Time to implement (T)   2 hours, 35 minutes
    Est Delivered Bugs (B)  1
    Cyclomatic Complexity   8
    Maintainability (MI)    39

 Segment     Used  Free
-----------  ----  ----
00000-00003     4  0  
00004-007FF   637  1407  
00800-00FFF     0  2048  
01000-017FF     0  2048  
01800-01FFF     0  2048  



