
ROM used:   209/8192 (3%)
            209/8192 (3%) including unused fragments

            0.3 Average locations per line
            6.3 Average locations per statement

RAM used:   16/368 (4%) at main() level
            20/368 (5%) worst case

Stack used: 3 worst case (1 in main + 2 for interrupts)
Stack size: 8

Lines Stmts  %   Files
----- ----- ---  -----
   71    33 100  P5.c
  640     0   0  ..\..\..\..\..\..\..\..\..\Program Files (x86)\PICC\Devices\16F877.h
----- -----
  711    33 Total

Page ROM  %  RAM    Vol Diff  Functions:
---- --- --- ---    --- ----  ----------
0     21  10    1             @delay_ms1
0     17   8    0    176  2.3  @const624
0     14   7    0    176  2.3  @const627
0     24  11    0    250  4.1  Reloj
0     22  11    1    120  3.4  Inter_Ext
0     57  27    1    471  4.8  MAIN
 Inline         0             @cinit1

Program metrics:
    Functions               5
    Statements              33
    Comments                113
    Volume (V)              1722
    Difficulty (D)          16.6
    Effort to implement (E) 28663
    Time to implement (T)   27 minutes
    Est Delivered Bugs (B)  0
    Cyclomatic Complexity   5
    Maintainability (MI)    154

 Segment     Used  Free
-----------  ----  ----
00000-00003     4  0  
00004-00035    50  0  
00036-007FF   155  1839  
00800-00FFF     0  2048  
01000-017FF     0  2048  
01800-01FFF     0  2048  



