
ROM used:   357/8192 (4%)
            357/8192 (4%) including unused fragments

            0.3 Average locations per line
            1.8 Average locations per statement

RAM used:   26/368 (7%) at main() level
            29/368 (8%) worst case

Stack used: 2 worst case (2 in main + 0 for interrupts)
Stack size: 8

Lines Stmts  %   Files
----- ----- ---  -----
   68    30  15  Practica2.c
  640     0   0  ..\..\..\..\..\..\..\..\..\Program Files (x86)\PICC\Devices\16F877.h
  135    43  22  ..\..\..\..\..\..\..\..\..\Program Files (x86)\PICC\Drivers\kbd4x4.c
   37     0   0  ..\..\..\..\..\..\..\..\..\Program Files (x86)\PICC\Drivers\stdio.h
  423   125  63  ..\..\..\..\..\..\..\..\..\Program Files (x86)\PICC\Drivers\string.h
   32     0   0  ..\..\..\..\..\..\..\..\..\Program Files (x86)\PICC\Drivers\stddef.h
   28     0   0  ..\..\..\..\..\..\..\..\..\Program Files (x86)\PICC\Drivers\ctype.h
----- -----
 1363   198 Total

Page ROM  %  RAM    Vol Diff  Functions:
---- --- --- ---    --- ----  ----------
0     21   6    1             @delay_ms1
0     20   6    0             @const621
0      3   1    0      3  0.0  kbd_init
0    103  29    3   6010 10.5  kbd_getc
0      8   2    0             @goto10560
0     70  20    5    243  7.0  strcmp
0     22   6    1    132  3.0  enter
0    106  30   15    837  6.2  MAIN
 Inline         0             @cinit1

Program metrics:
    Functions               5
    Statements              198
    Comments                329
    Volume (V)              8279
    Difficulty (D)          27.3
    Effort to implement (E) 225929
    Time to implement (T)   3 hours, 29 minutes
    Est Delivered Bugs (B)  1
    Cyclomatic Complexity   16
    Maintainability (MI)    72

 Segment     Used  Free
-----------  ----  ----
00000-00003     4  0  
00004-007FF   353  1691  
00800-00FFF     0  2048  
01000-017FF     0  2048  
01800-01FFF     0  2048  



