
ROM used:   709/8192 (9%)
            709/8192 (9%) including unused fragments

            0.4 Average locations per line
            3.2 Average locations per statement

RAM used:   19/368 (5%) at main() level
            35/368 (10%) worst case

Stack used: 6 worst case (5 in main + 1 for interrupts)
Stack size: 8

Lines Stmts  %   Files
----- ----- ---  -----
   42    15   7  P6_2.c
  672     0   0  ..\..\..\..\..\..\..\..\..\..\Program Files (x86)\PICC\Devices\16F877A.h
  456    84  38  ..\..\..\..\..\..\..\..\..\..\Program Files (x86)\PICC\Drivers\lcd.c
  423   125  56  ..\..\..\..\..\..\..\..\..\..\Program Files (x86)\PICC\Drivers\string.h
   32     0   0  ..\..\..\..\..\..\..\..\..\..\Program Files (x86)\PICC\Drivers\stddef.h
   28     0   0  ..\..\..\..\..\..\..\..\..\..\Program Files (x86)\PICC\Drivers\ctype.h
----- -----
 1653   224 Total

Page ROM  %  RAM    Vol Diff  Functions:
---- --- --- ---    --- ----  ----------
0     21   3    1             @delay_ms1
 Inline         3    596  5.9  lcd_read_byte
0      6   1    0     59  4.2  lcd_read_nibble
0     12   2    1    179  3.3  lcd_send_nibble
0     64   9    3    460  4.7  lcd_send_byte
0     62   9    6    814  7.2  lcd_init
0     18   3    4    208  6.3  lcd_gotoxy
0     44   6    1    354  4.7  lcd_putc
0      8   1    0     20  1.3  rutinaSerial
0     86  12    0    338  3.6  MAIN
0      6   1    0             @const766
0     89  13    5             @PSTRINGCN7_651
0     21   3    3             @DIV88
0     89  13    6             @PRINTF_D_651
0      8   1    0             @const775
0     86  12    4             @PSTRINGC7_651
0      8   1    0             @const777
 Inline         0             @cinit1

Program metrics:
    Functions               9
    Statements              224
    Comments                362
    Volume (V)              4652
    Difficulty (D)          39.6
    Effort to implement (E) 184419
    Time to implement (T)   2 hours, 51 minutes
    Est Delivered Bugs (B)  1
    Cyclomatic Complexity   9
    Maintainability (MI)    67

 Segment     Used  Free
-----------  ----  ----
00000-00003     4  0  
00004-00050    77  0  
00051-007FF   628  1339  
00800-00FFF     0  2048  
01000-017FF     0  2048  
01800-01FFF     0  2048  



