
ROM used:   384/8192 (5%)
            384/8192 (5%) including unused fragments

            0.3 Average locations per line
            4.1 Average locations per statement

RAM used:   6/368 (2%) at main() level
            18/368 (5%) worst case

Stack used: 5 worst case (5 in main + 0 for interrupts)
Stack size: 8

Lines Stmts  %   Files
----- ----- ---  -----
   28    10  11  P3_LCD.c
  640     0   0  ..\..\..\..\..\..\..\..\..\Program Files (x86)\PICC\Devices\16F877.h
  456    84  89  ..\..\..\..\..\..\..\..\..\Program Files (x86)\PICC\Drivers\lcd.c
----- -----
 1124    94 Total

Page ROM  %  RAM    Vol Diff  Functions:
---- --- --- ---    --- ----  ----------
0     21   5    1             @delay_ms1
 Inline         3    596  5.9  lcd_read_byte
0      6   2    0     59  4.2  lcd_read_nibble
0     12   3    1    179  3.3  lcd_send_nibble
0     64  17    3    460  4.7  lcd_send_byte
0     62  16    6    814  7.2  lcd_init
0     18   5    4    208  6.3  lcd_gotoxy
0     44  11    1    354  4.7  lcd_putc
0     52  14    1    216  2.2  MAIN
0      7   2    0             @const655
0     86  22    4             @PSTRINGC7_640
0      7   2    0             @const657
0      1   0    0             @const658
 Inline         0             @cinit1

Program metrics:
    Functions               8
    Statements              94
    Comments                235
    Volume (V)              4384
    Difficulty (D)          36.7
    Effort to implement (E) 160696
    Time to implement (T)   2 hours, 29 minutes
    Est Delivered Bugs (B)  1
    Cyclomatic Complexity   8
    Maintainability (MI)    141

 Segment     Used  Free
-----------  ----  ----
00000-00003     4  0  
00004-007FF   380  1664  
00800-00FFF     0  2048  
01000-017FF     0  2048  
01800-01FFF     0  2048  



