
ROM used:   468/8192 (6%)
            468/8192 (6%) including unused fragments

            0.6 Average locations per line
            5.9 Average locations per statement

RAM used:   7/368 (2%) at main() level
            22/368 (6%) worst case

Stack used: 2 worst case (2 in main + 0 for interrupts)
Stack size: 8

Lines Stmts  %   Files
----- ----- ---  -----
  145    79 100  programa1.c
  640     0   0  ..\..\..\..\..\..\..\..\..\Program Files (x86)\PICC\Devices\16F877.h
----- -----
  785    79 Total

Page ROM  %  RAM    Vol Diff  Functions:
---- --- --- ---    --- ----  ----------
0     21   4    1             @delay_ms1
0     10   2    2     48  1.6  show1
 Inline         2     98  2.9  enter
0    329  70    7   2309 14.8  menu
 Inline         3             @DIV88
0     37   8    2             @MUL88
0     67  14    2    331  2.8  MAIN
 Inline         0             @cinit1

Program metrics:
    Functions               4
    Statements              79
    Comments                128
    Volume (V)              3264
    Difficulty (D)          22.1
    Effort to implement (E) 72243
    Time to implement (T)   1 hours, 7 minutes
    Est Delivered Bugs (B)  1
    Cyclomatic Complexity   13
    Maintainability (MI)    118

 Segment     Used  Free
-----------  ----  ----
00000-00003     4  0  
00004-007FF   464  1580  
00800-00FFF     0  2048  
01000-017FF     0  2048  
01800-01FFF     0  2048  



